<?xml version="1.0" encoding="UTF-8"?>
<testsuite xmlns:xsi="http://www.w3.org/2001/XMLSchema-instance" xsi:noNamespaceSchemaLocation="https://maven.apache.org/surefire/maven-surefire-plugin/xsd/surefire-test-report-3.0.xsd" version="3.0" name="com.example.demo.service.BookServiceTest" time="2.796" tests="4" errors="0" skipped="0" failures="0">
  <properties>
[...]
</properties>
  <testcase name="testUpdateBookByIdBookNotFound" classname="com.example.demo.service.BookServiceTest" time="0.036">
    <system-out><![CDATA[13:45:59.848 [main] INFO org.springframework.test.context.support.AnnotationConfigContextLoaderUtils -- Could not detect default configuration classes for test class [com.example.demo.service.BookServiceTest]: BookServiceTest does not declare any static, non-private, non-final, nested classes annotated with @Configuration.
13:45:59.896 [main] INFO org.springframework.boot.test.context.SpringBootTestContextBootstrapper -- Found @SpringBootConfiguration com.example.demo.DemoApplication for test class com.example.demo.service.BookServiceTest

  .   ____          _            __ _ _
 /\\ / ___'_ __ _ _(_)_ __  __ _ \ \ \ \
( ( )\___ | '_ | '_| | '_ \/ _` | \ \ \ \
 \\/  ___)| |_)| | | | | || (_| |  ) ) ) )
  '  |____| .__|_| |_|_| |_\__, | / / / /
 =========|_|==============|___/=/_/_/_/
 :: Spring Boot ::                (v3.2.3)

2024-02-29T13:46:00.171+07:00  INFO 59168 --- [           main] c.example.demo.service.BookServiceTest   : Starting BookServiceTest using Java 21.0.1 with PID 59168 (started by lucaeugeniegomis in /Users/lucaeugeniegomis/Documents/GitHub/backendDemo)
2024-02-29T13:46:00.173+07:00  INFO 59168 --- [           main] c.example.demo.service.BookServiceTest   : No active profile set, falling back to 1 default profile: "default"
2024-02-29T13:46:00.490+07:00  INFO 59168 --- [           main] .s.d.r.c.RepositoryConfigurationDelegate : Bootstrapping Spring Data JPA repositories in DEFAULT mode.
2024-02-29T13:46:00.527+07:00  INFO 59168 --- [           main] .s.d.r.c.RepositoryConfigurationDelegate : Finished Spring Data repository scanning in 32 ms. Found 1 JPA repository interface.
2024-02-29T13:46:00.761+07:00  INFO 59168 --- [           main] o.hibernate.jpa.internal.util.LogHelper  : HHH000204: Processing PersistenceUnitInfo [name: default]
2024-02-29T13:46:00.793+07:00  INFO 59168 --- [           main] org.hibernate.Version                    : HHH000412: Hibernate ORM core version 6.4.4.Final
2024-02-29T13:46:00.810+07:00  INFO 59168 --- [           main] o.h.c.internal.RegionFactoryInitiator    : HHH000026: Second-level cache disabled
2024-02-29T13:46:00.927+07:00  INFO 59168 --- [           main] o.s.o.j.p.SpringPersistenceUnitInfo      : No LoadTimeWeaver setup: ignoring JPA class transformer
2024-02-29T13:46:00.940+07:00  INFO 59168 --- [           main] com.zaxxer.hikari.HikariDataSource       : HikariPool-1 - Starting...
2024-02-29T13:46:01.093+07:00  INFO 59168 --- [           main] com.zaxxer.hikari.pool.HikariPool        : HikariPool-1 - Added connection org.postgresql.jdbc.PgConnection@4f64d9cb
2024-02-29T13:46:01.094+07:00  INFO 59168 --- [           main] com.zaxxer.hikari.HikariDataSource       : HikariPool-1 - Start completed.
2024-02-29T13:46:01.599+07:00  INFO 59168 --- [           main] o.h.e.t.j.p.i.JtaPlatformInitiator       : HHH000489: No JTA platform available (set 'hibernate.transaction.jta.platform' to enable JTA platform integration)
2024-02-29T13:46:01.600+07:00  INFO 59168 --- [           main] j.LocalContainerEntityManagerFactoryBean : Initialized JPA EntityManagerFactory for persistence unit 'default'
2024-02-29T13:46:01.828+07:00  WARN 59168 --- [           main] JpaBaseConfiguration$JpaWebConfiguration : spring.jpa.open-in-view is enabled by default. Therefore, database queries may be performed during view rendering. Explicitly configure spring.jpa.open-in-view to disable this warning
2024-02-29T13:46:02.045+07:00  INFO 59168 --- [           main] c.example.demo.service.BookServiceTest   : Started BookServiceTest in 2.088 seconds (process running for 2.537)
]]></system-out>
    <system-err><![CDATA[WARNING: A Java agent has been loaded dynamically (/Users/lucaeugeniegomis/.m2/repository/net/bytebuddy/byte-buddy-agent/1.14.12/byte-buddy-agent-1.14.12.jar)
WARNING: If a serviceability tool is in use, please run with -XX:+EnableDynamicAgentLoading to hide this warning
WARNING: If a serviceability tool is not in use, please run with -Djdk.instrument.traceUsage for more information
WARNING: Dynamic loading of agents will be disallowed by default in a future release
]]></system-err>
  </testcase>
  <testcase name="testGetBookById" classname="com.example.demo.service.BookServiceTest" time="0.006"/>
  <testcase name="testUpdateBookByIdSuccess" classname="com.example.demo.service.BookServiceTest" time="0.005"/>
  <testcase name="testFindBooksByAuthorSuccess" classname="com.example.demo.service.BookServiceTest" time="0.004"/>
</testsuite>